<?xml version="1.0" encoding="UTF-8"?>
<robot generator="Robot 4.1.1 (Python 3.9.7 on win32)" generated="20220315 21:34:42.038" rpa="false" schemaversion="2">
<suite id="s1" name="GET" source="C:\Courses_Qaninja\Robot-API-Expert\buger-eats-partner-api-test\Tests\GET.robot">
<test id="s1-t1" name="Deve retornar a Lista de Partners">
<kw name="Factory List Partners" library="partner">
<var>${LIST_PARTNERS}</var>
<msg timestamp="20220315 21:34:42.276" level="INFO">${LIST_PARTNERS} = [{'name': 'Lazaro Conveniencia', 'email': 'contatoLL@ig.com.br', 'whatsapp': '21999999999', 'business': 'Conveniência'}, {'name': 'Burger Beachs And Cofee ', 'email': 'beach_burger@io.com', 'whatsapp'...</msg>
<status status="PASS" starttime="20220315 21:34:42.276" endtime="20220315 21:34:42.276"/>
</kw>
<for flavor="IN">
<var>${P}</var>
<value>@{LIST_PARTNERS}</value>
<iter>
<var name="${P}">{'name': 'Lazaro Conveniencia', 'email': 'contatoLL@ig.com.br', 'whatsapp': '21999999999', 'business': 'Conveniência'}</var>
<kw name="POST PARTNER" library="services">
<var>${reponse}</var>
<arg>${P}</arg>
<kw name="POST" library="RequestsLibrary">
<var>${response}</var>
<arg>${BASE_URL}</arg>
<arg>json=${PAYLOAD}</arg>
<arg>headers=${HEADERS}</arg>
<arg>expected_status=any</arg>
<doc>Sends a POST request.</doc>
<msg timestamp="20220315 21:34:42.460" level="INFO">POST Request : url=http://localhost:3333/partners 
 path_url=/partners 
 headers={'User-Agent': 'python-requests/2.27.1', 'Accept-Encoding': 'gzip, deflate', 'Accept': '*/*', 'Connection': 'keep-alive', 'Content-Type': 'application/json', 'auth_user': 'qa', 'auth_password': 'ninja', 'Content-Length': '123'} 
 body=b'{"name": "Lazaro Conveniencia", "email": "contatoLL@ig.com.br", "whatsapp": "21999999999", "business": "Conveni\\u00eancia"}' 
 </msg>
<msg timestamp="20220315 21:34:42.461" level="INFO">POST Response : url=http://localhost:3333/partners 
 status=409, reason=Conflict 
 headers={'X-Powered-By': 'Express', 'Access-Control-Allow-Origin': '*', 'Access-Control-Expose-Headers': 'Authorization,auth_user,auth_password', 'Content-Type': 'application/json; charset=utf-8', 'Content-Length': '36', 'ETag': 'W/"24-npRjBxR/ioA1Ds6xvIHfcGoYoY4"', 'Date': 'Wed, 16 Mar 2022 00:34:42 GMT', 'Connection': 'keep-alive', 'Keep-Alive': 'timeout=5'} 
 body={"message":"Duplicate company name"} 
 </msg>
<msg timestamp="20220315 21:34:42.462" level="INFO">${response} = &lt;Response [409]&gt;</msg>
<status status="PASS" starttime="20220315 21:34:42.279" endtime="20220315 21:34:42.462"/>
</kw>
<msg timestamp="20220315 21:34:42.462" level="INFO">${reponse} = &lt;Response [409]&gt;</msg>
<status status="PASS" starttime="20220315 21:34:42.278" endtime="20220315 21:34:42.462"/>
</kw>
<if>
<branch type="IF" condition="'${reponse.json()}[message]' == 'Duplicate company name'">
<kw name="Log To Console" library="BuiltIn">
<arg>Partner ja cadastrado!</arg>
<doc>Logs the given message to the console.</doc>
<status status="PASS" starttime="20220315 21:34:42.463" endtime="20220315 21:34:42.465"/>
</kw>
<status status="PASS" starttime="20220315 21:34:42.463" endtime="20220315 21:34:42.465"/>
</branch>
<branch type="ELSE">
<kw name="Log To Console" library="BuiltIn">
<arg>${reponse.json()}</arg>
<doc>Logs the given message to the console.</doc>
<status status="NOT RUN" starttime="20220315 21:34:42.465" endtime="20220315 21:34:42.465"/>
</kw>
<status status="NOT RUN" starttime="20220315 21:34:42.465" endtime="20220315 21:34:42.465"/>
</branch>
<status status="PASS" starttime="20220315 21:34:42.462" endtime="20220315 21:34:42.465"/>
</if>
<status status="PASS" starttime="20220315 21:34:42.278" endtime="20220315 21:34:42.465"/>
</iter>
<iter>
<var name="${P}">{'name': 'Burger Beachs And Cofee ', 'email': 'beach_burger@io.com', 'whatsapp': '11284736478', 'business': 'Restaurante'}</var>
<kw name="POST PARTNER" library="services">
<var>${reponse}</var>
<arg>${P}</arg>
<kw name="POST" library="RequestsLibrary">
<var>${response}</var>
<arg>${BASE_URL}</arg>
<arg>json=${PAYLOAD}</arg>
<arg>headers=${HEADERS}</arg>
<arg>expected_status=any</arg>
<doc>Sends a POST request.</doc>
<msg timestamp="20220315 21:34:42.631" level="INFO">POST Request : url=http://localhost:3333/partners 
 path_url=/partners 
 headers={'User-Agent': 'python-requests/2.27.1', 'Accept-Encoding': 'gzip, deflate', 'Accept': '*/*', 'Connection': 'keep-alive', 'Content-Type': 'application/json', 'auth_user': 'qa', 'auth_password': 'ninja', 'Content-Length': '122'} 
 body=b'{"name": "Burger Beachs And Cofee ", "email": "beach_burger@io.com", "whatsapp": "11284736478", "business": "Restaurante"}' 
 </msg>
<msg timestamp="20220315 21:34:42.633" level="INFO">POST Response : url=http://localhost:3333/partners 
 status=409, reason=Conflict 
 headers={'X-Powered-By': 'Express', 'Access-Control-Allow-Origin': '*', 'Access-Control-Expose-Headers': 'Authorization,auth_user,auth_password', 'Content-Type': 'application/json; charset=utf-8', 'Content-Length': '36', 'ETag': 'W/"24-npRjBxR/ioA1Ds6xvIHfcGoYoY4"', 'Date': 'Wed, 16 Mar 2022 00:34:42 GMT', 'Connection': 'keep-alive', 'Keep-Alive': 'timeout=5'} 
 body={"message":"Duplicate company name"} 
 </msg>
<msg timestamp="20220315 21:34:42.633" level="INFO">${response} = &lt;Response [409]&gt;</msg>
<status status="PASS" starttime="20220315 21:34:42.466" endtime="20220315 21:34:42.633"/>
</kw>
<msg timestamp="20220315 21:34:42.634" level="INFO">${reponse} = &lt;Response [409]&gt;</msg>
<status status="PASS" starttime="20220315 21:34:42.466" endtime="20220315 21:34:42.634"/>
</kw>
<if>
<branch type="IF" condition="'${reponse.json()}[message]' == 'Duplicate company name'">
<kw name="Log To Console" library="BuiltIn">
<arg>Partner ja cadastrado!</arg>
<doc>Logs the given message to the console.</doc>
<status status="PASS" starttime="20220315 21:34:42.638" endtime="20220315 21:34:42.640"/>
</kw>
<status status="PASS" starttime="20220315 21:34:42.638" endtime="20220315 21:34:42.640"/>
</branch>
<branch type="ELSE">
<kw name="Log To Console" library="BuiltIn">
<arg>${reponse.json()}</arg>
<doc>Logs the given message to the console.</doc>
<status status="NOT RUN" starttime="20220315 21:34:42.640" endtime="20220315 21:34:42.641"/>
</kw>
<status status="NOT RUN" starttime="20220315 21:34:42.640" endtime="20220315 21:34:42.641"/>
</branch>
<status status="PASS" starttime="20220315 21:34:42.634" endtime="20220315 21:34:42.641"/>
</if>
<status status="PASS" starttime="20220315 21:34:42.465" endtime="20220315 21:34:42.641"/>
</iter>
<iter>
<var name="${P}">{'name': 'Pizzaria Lula Livre', 'email': 'lulaodamassa@io.com', 'whatsapp': '21100023678', 'business': 'Restaurante'}</var>
<kw name="POST PARTNER" library="services">
<var>${reponse}</var>
<arg>${P}</arg>
<kw name="POST" library="RequestsLibrary">
<var>${response}</var>
<arg>${BASE_URL}</arg>
<arg>json=${PAYLOAD}</arg>
<arg>headers=${HEADERS}</arg>
<arg>expected_status=any</arg>
<doc>Sends a POST request.</doc>
<msg timestamp="20220315 21:34:42.810" level="INFO">POST Request : url=http://localhost:3333/partners 
 path_url=/partners 
 headers={'User-Agent': 'python-requests/2.27.1', 'Accept-Encoding': 'gzip, deflate', 'Accept': '*/*', 'Connection': 'keep-alive', 'Content-Type': 'application/json', 'auth_user': 'qa', 'auth_password': 'ninja', 'Content-Length': '117'} 
 body=b'{"name": "Pizzaria Lula Livre", "email": "lulaodamassa@io.com", "whatsapp": "21100023678", "business": "Restaurante"}' 
 </msg>
<msg timestamp="20220315 21:34:42.810" level="INFO">POST Response : url=http://localhost:3333/partners 
 status=409, reason=Conflict 
 headers={'X-Powered-By': 'Express', 'Access-Control-Allow-Origin': '*', 'Access-Control-Expose-Headers': 'Authorization,auth_user,auth_password', 'Content-Type': 'application/json; charset=utf-8', 'Content-Length': '36', 'ETag': 'W/"24-npRjBxR/ioA1Ds6xvIHfcGoYoY4"', 'Date': 'Wed, 16 Mar 2022 00:34:42 GMT', 'Connection': 'keep-alive', 'Keep-Alive': 'timeout=5'} 
 body={"message":"Duplicate company name"} 
 </msg>
<msg timestamp="20220315 21:34:42.810" level="INFO">${response} = &lt;Response [409]&gt;</msg>
<status status="PASS" starttime="20220315 21:34:42.643" endtime="20220315 21:34:42.810"/>
</kw>
<msg timestamp="20220315 21:34:42.811" level="INFO">${reponse} = &lt;Response [409]&gt;</msg>
<status status="PASS" starttime="20220315 21:34:42.642" endtime="20220315 21:34:42.811"/>
</kw>
<if>
<branch type="IF" condition="'${reponse.json()}[message]' == 'Duplicate company name'">
<kw name="Log To Console" library="BuiltIn">
<arg>Partner ja cadastrado!</arg>
<doc>Logs the given message to the console.</doc>
<status status="PASS" starttime="20220315 21:34:42.811" endtime="20220315 21:34:42.814"/>
</kw>
<status status="PASS" starttime="20220315 21:34:42.811" endtime="20220315 21:34:42.814"/>
</branch>
<branch type="ELSE">
<kw name="Log To Console" library="BuiltIn">
<arg>${reponse.json()}</arg>
<doc>Logs the given message to the console.</doc>
<status status="NOT RUN" starttime="20220315 21:34:42.814" endtime="20220315 21:34:42.814"/>
</kw>
<status status="NOT RUN" starttime="20220315 21:34:42.814" endtime="20220315 21:34:42.814"/>
</branch>
<status status="PASS" starttime="20220315 21:34:42.811" endtime="20220315 21:34:42.814"/>
</if>
<status status="PASS" starttime="20220315 21:34:42.641" endtime="20220315 21:34:42.814"/>
</iter>
<status status="PASS" starttime="20220315 21:34:42.277" endtime="20220315 21:34:42.814"/>
</for>
<kw name="GET PARTNERS" library="services">
<var>${response}</var>
<kw name="GET" library="RequestsLibrary">
<var>${response}</var>
<arg>${BASE_URL}</arg>
<arg>headers=${HEADERS}</arg>
<arg>expected_status=any</arg>
<doc>Sends a GET request.</doc>
<msg timestamp="20220315 21:34:42.984" level="INFO">GET Request : url=http://localhost:3333/partners 
 path_url=/partners 
 headers={'User-Agent': 'python-requests/2.27.1', 'Accept-Encoding': 'gzip, deflate', 'Accept': '*/*', 'Connection': 'keep-alive', 'Content-Type': 'application/json', 'auth_user': 'qa', 'auth_password': 'ninja'} 
 body=None 
 </msg>
<msg timestamp="20220315 21:34:42.984" level="INFO">GET Response : url=http://localhost:3333/partners 
 status=200, reason=OK 
 headers={'X-Powered-By': 'Express', 'Access-Control-Allow-Origin': '*', 'Access-Control-Expose-Headers': 'Authorization,auth_user,auth_password', 'Content-Type': 'application/json; charset=utf-8', 'Content-Length': '725', 'ETag': 'W/"2d5-g5+we3IN+Quz0RfHUhONiumk/zs"', 'Date': 'Wed, 16 Mar 2022 00:34:42 GMT', 'Connection': 'keep-alive', 'Keep-Alive': 'timeout=5'} 
 body=[{"_id":"62312bd4d29bd42bf1a3a815","name":"Lazaro Conveniencia","email":"contatoLL@ig.com.br","whatsapp":"21999999999","business":"Conveniência","active":false,"created_at":"2022-03-16T00:14:12.893Z","updated_at":"2022-03-16T00:14:12.893Z"},{"_id":"62312af2d29bd42bf1a3a805","name":"Pizzaria Lula Livre","email":"lulaodamassa@io.com","whatsapp":"21100023678","business":"Restaurante","active":false,"created_at":"2022-03-16T00:10:26.707Z","updated_at":"2022-03-16T00:10:26.707Z"},{"_id":"62312af2d29bd42bf1a3a803","name":"Burger Beachs And Cofee ","email":"beach_burger@io.com","whatsapp":"11284736478","business":"Restaurante","active":false,"created_at":"2022-03-16T00:10:26.532Z","updated_at":"2022-03-16T00:10:26.532Z"}] 
 </msg>
<msg timestamp="20220315 21:34:42.984" level="INFO">${response} = &lt;Response [200]&gt;</msg>
<status status="PASS" starttime="20220315 21:34:42.816" endtime="20220315 21:34:42.984"/>
</kw>
<msg timestamp="20220315 21:34:42.984" level="INFO">${response} = &lt;Response [200]&gt;</msg>
<status status="PASS" starttime="20220315 21:34:42.816" endtime="20220315 21:34:42.984"/>
</kw>
<kw name="Get Length" library="BuiltIn">
<var>${length}</var>
<arg>${response.json()}</arg>
<doc>Returns and logs the length of the given item as an integer.</doc>
<msg timestamp="20220315 21:34:42.992" level="INFO">Length is 3</msg>
<msg timestamp="20220315 21:34:42.992" level="INFO">${length} = 3</msg>
<status status="PASS" starttime="20220315 21:34:42.989" endtime="20220315 21:34:42.992"/>
</kw>
<kw name="Should Be True" library="BuiltIn">
<arg>${length} &gt; 0</arg>
<doc>Fails if the given condition is not true.</doc>
<status status="PASS" starttime="20220315 21:34:42.993" endtime="20220315 21:34:42.994"/>
</kw>
<kw name="Status Should Be" library="RequestsLibrary">
<arg>200</arg>
<arg>${response}</arg>
<doc>Fails if response status code is different than the expected.</doc>
<status status="PASS" starttime="20220315 21:34:42.995" endtime="20220315 21:34:42.995"/>
</kw>
<status status="PASS" starttime="20220315 21:34:42.275" endtime="20220315 21:34:42.996"/>
</test>
<doc>Método GET no endpoint /admin da API buger-eats</doc>
<status status="PASS" starttime="20220315 21:34:42.040" endtime="20220315 21:34:42.997"/>
</suite>
<statistics>
<total>
<stat pass="1" fail="0" skip="0">All Tests</stat>
</total>
<tag>
</tag>
<suite>
<stat pass="1" fail="0" skip="0" id="s1" name="GET">GET</stat>
</suite>
</statistics>
<errors>
</errors>
</robot>
