<?xml version="1.0" encoding="UTF-8"?>
<robot generator="Robot 4.1.1 (Python 3.9.7 on win32)" generated="20220312 18:59:15.864" rpa="false" schemaversion="2">
<suite id="s1" name="POST" source="C:\Courses_Qaninja\Robot-API-Expert\buger-eats-partner-api-test\Tests\POST.robot">
<test id="s1-t1" name="Deve criar um novo Partner">
<kw name="Factory New Partner" library="partner">
<var>${partner}</var>
<msg timestamp="20220312 18:59:16.113" level="INFO">${partner} = {'name': 'Sushis Carlos', 'email': 'contatoBolas@io.com.br', 'whatsapp': '11999999999', 'business': 'Restaurante'}</msg>
<status status="PASS" starttime="20220312 18:59:16.113" endtime="20220312 18:59:16.113"/>
</kw>
<kw name="REMOVER PARTNER BY NAME" library="database">
<arg>Sushis Carlos</arg>
<kw name="Create Dictionary" library="BuiltIn">
<var>${FILTER}</var>
<arg>name=${partner_name}</arg>
<doc>Creates and returns a dictionary based on the given ``items``.</doc>
<msg timestamp="20220312 18:59:16.116" level="INFO">${FILTER} = {'name': 'Sushis Carlos'}</msg>
<status status="PASS" starttime="20220312 18:59:16.114" endtime="20220312 18:59:16.116"/>
</kw>
<kw name="Delete One" library="RobotMongoDBLibrary.Delete">
<arg>${MONGODB_URI}</arg>
<arg>${FILTER}</arg>
<status status="PASS" starttime="20220312 18:59:16.116" endtime="20220312 18:59:17.772"/>
</kw>
<status status="PASS" starttime="20220312 18:59:16.114" endtime="20220312 18:59:17.773"/>
</kw>
<kw name="POST PARTNER" library="services">
<var>${response}</var>
<arg>${partner}</arg>
<kw name="POST" library="RequestsLibrary">
<var>${response}</var>
<arg>${BASE_URL}</arg>
<arg>json=${PAYLOAD}</arg>
<arg>headers=${HEADERS}</arg>
<doc>Sends a POST request.</doc>
<msg timestamp="20220312 18:59:17.949" level="INFO">POST Request : url=http://localhost:3333/partners 
 path_url=/partners 
 headers={'User-Agent': 'python-requests/2.27.1', 'Accept-Encoding': 'gzip, deflate', 'Accept': '*/*', 'Connection': 'keep-alive', 'Content-Type': 'application/json', 'auth_user': 'qa', 'auth_password': 'ninja', 'Content-Length': '114'} 
 body=b'{"name": "Sushis Carlos", "email": "contatoBolas@io.com.br", "whatsapp": "11999999999", "business": "Restaurante"}' 
 </msg>
<msg timestamp="20220312 18:59:17.949" level="INFO">POST Response : url=http://localhost:3333/partners 
 status=409, reason=Conflict 
 headers={'X-Powered-By': 'Express', 'Access-Control-Allow-Origin': '*', 'Access-Control-Expose-Headers': 'Authorization,auth_user,auth_password', 'Content-Type': 'application/json; charset=utf-8', 'Content-Length': '29', 'ETag': 'W/"1d-KaYMAApfZd+Hsi4sqiDWKxrzBQU"', 'Date': 'Sat, 12 Mar 2022 21:59:17 GMT', 'Connection': 'keep-alive', 'Keep-Alive': 'timeout=5'} 
 body={"message":"Duplicate email"} 
 </msg>
<msg timestamp="20220312 18:59:17.963" level="FAIL">HTTPError: 409 Client Error: Conflict for url: http://localhost:3333/partners</msg>
<status status="FAIL" starttime="20220312 18:59:17.776" endtime="20220312 18:59:17.963"/>
</kw>
<status status="FAIL" starttime="20220312 18:59:17.774" endtime="20220312 18:59:17.963"/>
</kw>
<kw name="Status Should Be" library="RequestsLibrary">
<arg>201</arg>
<arg>${response}</arg>
<doc>Fails if response status code is different than the expected.</doc>
<status status="NOT RUN" starttime="20220312 18:59:17.968" endtime="20220312 18:59:17.969"/>
</kw>
<kw name="Log To Console" library="BuiltIn">
<arg>${response.json()}[partner_id]</arg>
<doc>Logs the given message to the console.</doc>
<status status="NOT RUN" starttime="20220312 18:59:17.969" endtime="20220312 18:59:17.969"/>
</kw>
<kw name="FIND PARTNER BY NAME" library="database">
<var>${results_id}</var>
<arg>Sushis Carlos</arg>
<status status="NOT RUN" starttime="20220312 18:59:17.972" endtime="20220312 18:59:17.972"/>
</kw>
<kw name="Should Be Equal" library="BuiltIn">
<arg>${response.json()}[partner_id]</arg>
<arg>${results_id}[_id]</arg>
<doc>Fails if the given objects are unequal.</doc>
<status status="NOT RUN" starttime="20220312 18:59:17.973" endtime="20220312 18:59:17.974"/>
</kw>
<status status="FAIL" starttime="20220312 18:59:16.112" endtime="20220312 18:59:17.976">HTTPError: 409 Client Error: Conflict for url: http://localhost:3333/partners</status>
</test>
<doc>Método POST no endpoint /partner da API buger-eats</doc>
<status status="FAIL" starttime="20220312 18:59:15.865" endtime="20220312 18:59:17.981"/>
</suite>
<statistics>
<total>
<stat pass="0" fail="1" skip="0">All Tests</stat>
</total>
<tag>
</tag>
<suite>
<stat pass="0" fail="1" skip="0" id="s1" name="POST">POST</stat>
</suite>
</statistics>
<errors>
</errors>
</robot>
